<?xml version="1.0" encoding="UTF-8"?>
<!-- Generated by org.testng.reporters.JUnitReportReporter -->
<testsuite skipped="1" hostname="DESKTOP-IRVFF66" name="com.sltechknow.testscript.SearchTest" tests="1" failures="0" timestamp="26 Dec 2019 17:48:47 GMT" time="0.078" errors="0">
  <testcase name="serchForPhn" time="0.078" classname="com.sltechknow.testscript.SearchTest">
    <skipped/>
  </testcase> <!-- serchForPhn -->
</testsuite> <!-- com.sltechknow.testscript.SearchTest -->
