<?xml version="1.0" encoding="UTF-8"?>
<!-- Generated by org.testng.reporters.JUnitReportReporter -->
<testsuite skipped="0" hostname="DESKTOP-IRVFF66" name="com.sltechknow.testscript.SearchTest" tests="1" failures="0" timestamp="26 Dec 2019 13:20:15 GMT" time="38.141" errors="0">
  <testcase name="serchForPhn" time="38.141" classname="com.sltechknow.testscript.SearchTest"/>
</testsuite> <!-- com.sltechknow.testscript.SearchTest -->
