<?xml version="1.0" encoding="UTF-8"?>
<!-- Generated by org.testng.reporters.JUnitReportReporter -->
<testsuite skipped="0" hostname="DESKTOP-IRVFF66" name="com.sltechknow.testscript.SearchTripTest" tests="1" failures="0" timestamp="27 Dec 2019 17:51:10 GMT" time="111.929" errors="0">
  <testcase name="searchForHotel" time="111.929" classname="com.sltechknow.testscript.SearchTripTest"/>
</testsuite> <!-- com.sltechknow.testscript.SearchTripTest -->
