<?xml version="1.0" encoding="UTF-8"?>
<!-- Generated by org.testng.reporters.JUnitReportReporter -->
<testsuite skipped="1" hostname="DESKTOP-IRVFF66" name="com.sltechknow.testscript.SearchFlipkartTest" tests="1" failures="0" timestamp="26 Dec 2019 17:48:47 GMT" time="0.000" errors="0">
  <testcase name="flipkartSearch" time="0.000" classname="com.sltechknow.testscript.SearchFlipkartTest">
    <skipped/>
  </testcase> <!-- flipkartSearch -->
</testsuite> <!-- com.sltechknow.testscript.SearchFlipkartTest -->
