<?xml version="1.0" encoding="UTF-8"?>
<!-- Generated by org.testng.reporters.JUnitReportReporter -->
<testsuite skipped="0" hostname="DESKTOP-IRVFF66" name="com.sltechknow.testscript.SearchFlipkartTest" tests="1" failures="0" timestamp="26 Dec 2019 13:20:15 GMT" time="40.390" errors="0">
  <testcase name="flipkartSearch" time="40.390" classname="com.sltechknow.testscript.SearchFlipkartTest"/>
</testsuite> <!-- com.sltechknow.testscript.SearchFlipkartTest -->
